<?xml version="1.0" encoding="UTF-8"?>
<!-- Generated by org.testng.reporters.JUnitXMLReporter -->
<testsuite ignored="0" hostname="sunil" failures="0" tests="12" name="Accounts Page Test" time="17.826" errors="0" timestamp="2026-03-01T10:06:48 CST">
  <testcase classname="com.qa.opencart.tests.AccountsPageTest" name="accPageHeadersCountTest" time="0.825"/>
  <testcase classname="com.qa.opencart.tests.AccountsPageTest" name="accPageHeadersTest" time="0.158"/>
  <testcase classname="com.qa.opencart.tests.AccountsPageTest" name="accPageTitleTest" time="0.022"/>
  <testcase classname="com.qa.opencart.tests.AccountsPageTest" name="isLogoutLinkExist" time="0.062"/>
  <testcase classname="com.qa.opencart.tests.AccountsPageTest" name="searchCountTest" time="1.033"/>
  <testcase classname="com.qa.opencart.tests.AccountsPageTest" name="searchCountTest" time="0.874"/>
  <testcase classname="com.qa.opencart.tests.AccountsPageTest" name="searchCountTest" time="0.927"/>
  <testcase classname="com.qa.opencart.tests.AccountsPageTest" name="searchTest" time="1.799"/>
  <testcase classname="com.qa.opencart.tests.AccountsPageTest" name="searchTest" time="1.311"/>
  <testcase classname="com.qa.opencart.tests.AccountsPageTest" name="searchTest" time="1.832"/>
  <testcase classname="com.qa.opencart.tests.AccountsPageTest" name="searchTest" time="1.272"/>
  <testcase classname="com.qa.opencart.tests.AccountsPageTest" name="searchTest" time="1.388"/>
</testsuite> <!-- Accounts Page Test -->
