<?xml version="1.0" encoding="UTF-8"?>
<testsuite xmlns:xsi="http://www.w3.org/2001/XMLSchema-instance" xsi:noNamespaceSchemaLocation="https://maven.apache.org/surefire/maven-surefire-plugin/xsd/surefire-test-report.xsd" name="TestSuite" time="11.425" tests="5" errors="0" skipped="0" failures="1">
  <properties>
[...]
</properties>
  <testcase name="forgotPwdLinkExistTest" classname="com.qa.opencart.tests.LoginPageTest" time="0.046"/>
  <testcase name="loginPageTitleTest" classname="com.qa.opencart.tests.LoginPageTest" time="0.017"/>
  <testcase name="loginPageURLTest" classname="com.qa.opencart.tests.LoginPageTest" time="5.264">
    <failure message="expected [true] but found [false]" type="java.lang.AssertionError">java.lang.AssertionError: expected [true] but found [false]
	at com.qa.opencart.tests.LoginPageTest.loginPageURLTest(LoginPageTest.java:19)
</failure>
    <system-out><![CDATA[Title is not matched
Login Page URL: -1
]]></system-out>
  </testcase>
  <testcase name="logoExistTest" classname="com.qa.opencart.tests.LoginPageTest" time="0.044"/>
  <testcase name="loginTest" classname="com.qa.opencart.tests.LoginPageTest" time="0.963"/>
</testsuite>