<?xml version="1.0" encoding="UTF-8"?>
<testng-results ignored="0" total="24" passed="22" failed="2" skipped="0">
  <reporter-output>
  </reporter-output>
  <suite started-at="2026-03-01T10:06:30 CST" name="OpenCart App TestNG Regression Suite" finished-at="2026-03-01T10:06:50 CST" duration-ms="19799">
    <groups>
    </groups>
    <test started-at="2026-03-01T10:06:30 CST" name="Login Page Test" finished-at="2026-03-01T10:06:41 CST" duration-ms="11139">
      <class name="com.qa.opencart.tests.LoginPageTest">
        <test-method is-config="true" signature="setup(java.lang.String)[pri:0, instance:com.qa.opencart.tests.LoginPageTest@54a7079e]" started-at="2026-03-01T10:06:30 CST" name="setup" finished-at="2026-03-01T10:06:34 CST" duration-ms="4453" status="PASS">
          <params>
            <param index="0">
              <value>
                <![CDATA[chrome]]>
              </value>
            </param>
          </params>
          <reporter-output>
          </reporter-output>
        </test-method> <!-- setup -->
        <test-method signature="forgotPwdLinkExistTest()[pri:0, instance:com.qa.opencart.tests.LoginPageTest@54a7079e]" started-at="2026-03-01T10:06:34 CST" name="forgotPwdLinkExistTest" finished-at="2026-03-01T10:06:34 CST" duration-ms="43" status="PASS">
          <reporter-output>
          </reporter-output>
        </test-method> <!-- forgotPwdLinkExistTest -->
        <test-method signature="loginPageTitleTest()[pri:0, instance:com.qa.opencart.tests.LoginPageTest@54a7079e]" started-at="2026-03-01T10:06:34 CST" name="loginPageTitleTest" finished-at="2026-03-01T10:06:34 CST" duration-ms="15" status="PASS">
          <reporter-output>
          </reporter-output>
        </test-method> <!-- loginPageTitleTest -->
        <test-method signature="loginPageURLTest()[pri:0, instance:com.qa.opencart.tests.LoginPageTest@54a7079e]" started-at="2026-03-01T10:06:34 CST" name="loginPageURLTest" finished-at="2026-03-01T10:06:40 CST" duration-ms="5240" status="FAIL">
          <exception class="java.lang.AssertionError">
            <message>
              <![CDATA[expected [true] but found [false]]]>
            </message>
            <full-stacktrace>
              <![CDATA[java.lang.AssertionError: expected [true] but found [false]
at org.testng.Assert.fail(Assert.java:110)
at org.testng.Assert.failNotEquals(Assert.java:1413)
at org.testng.Assert.assertTrue(Assert.java:56)
at org.testng.Assert.assertTrue(Assert.java:66)
at com.qa.opencart.tests.LoginPageTest.loginPageURLTest(LoginPageTest.java:19)
at java.base/jdk.internal.reflect.NativeMethodAccessorImpl.invoke0(Native Method)
at java.base/jdk.internal.reflect.NativeMethodAccessorImpl.invoke(NativeMethodAccessorImpl.java:77)
at java.base/jdk.internal.reflect.DelegatingMethodAccessorImpl.invoke(DelegatingMethodAccessorImpl.java:43)
at java.base/java.lang.reflect.Method.invoke(Method.java:568)
at org.testng.internal.invokers.MethodInvocationHelper.invokeMethod(MethodInvocationHelper.java:139)
at org.testng.internal.invokers.TestInvoker.invokeMethod(TestInvoker.java:677)
at org.testng.internal.invokers.TestInvoker.invokeTestMethod(TestInvoker.java:221)
at org.testng.internal.invokers.MethodRunner.runInSequence(MethodRunner.java:50)
at org.testng.internal.invokers.TestInvoker$MethodInvocationAgent.invoke(TestInvoker.java:969)
at org.testng.internal.invokers.TestInvoker.invokeTestMethods(TestInvoker.java:194)
at org.testng.internal.invokers.TestMethodWorker.invokeTestMethods(TestMethodWorker.java:148)
at org.testng.internal.invokers.TestMethodWorker.run(TestMethodWorker.java:128)
at java.base/java.util.ArrayList.forEach(ArrayList.java:1511)
at org.testng.TestRunner.privateRun(TestRunner.java:829)
at org.testng.TestRunner.run(TestRunner.java:602)
at org.testng.SuiteRunner.runTest(SuiteRunner.java:437)
at org.testng.SuiteRunner$SuiteWorker.run(SuiteRunner.java:475)
at org.testng.internal.thread.ThreadUtil.lambda$execute$0(ThreadUtil.java:58)
at java.base/java.util.concurrent.FutureTask.run(FutureTask.java:264)
at java.base/java.util.concurrent.ThreadPoolExecutor.runWorker(ThreadPoolExecutor.java:1136)
at java.base/java.util.concurrent.ThreadPoolExecutor$Worker.run(ThreadPoolExecutor.java:635)
at java.base/java.lang.Thread.run(Thread.java:833)
]]>
            </full-stacktrace>
          </exception> <!-- java.lang.AssertionError -->
          <reporter-output>
          </reporter-output>
        </test-method> <!-- loginPageURLTest -->
        <test-method signature="logoExistTest()[pri:0, instance:com.qa.opencart.tests.LoginPageTest@54a7079e]" started-at="2026-03-01T10:06:40 CST" name="logoExistTest" finished-at="2026-03-01T10:06:40 CST" duration-ms="48" status="PASS">
          <reporter-output>
          </reporter-output>
        </test-method> <!-- logoExistTest -->
        <test-method signature="loginTest()[pri:2147483647, instance:com.qa.opencart.tests.LoginPageTest@54a7079e]" started-at="2026-03-01T10:06:40 CST" name="loginTest" finished-at="2026-03-01T10:06:41 CST" duration-ms="1049" status="PASS">
          <reporter-output>
          </reporter-output>
        </test-method> <!-- loginTest -->
        <test-method is-config="true" signature="tearDown()[pri:0, instance:com.qa.opencart.tests.LoginPageTest@54a7079e]" started-at="2026-03-01T10:06:41 CST" name="tearDown" finished-at="2026-03-01T10:06:41 CST" duration-ms="252" status="PASS">
          <reporter-output>
          </reporter-output>
        </test-method> <!-- tearDown -->
      </class> <!-- com.qa.opencart.tests.LoginPageTest -->
    </test> <!-- Login Page Test -->
    <test started-at="2026-03-01T10:06:30 CST" name="Accounts Page Test" finished-at="2026-03-01T10:06:48 CST" duration-ms="17826">
      <class name="com.qa.opencart.tests.AccountsPageTest">
        <test-method is-config="true" signature="setup(java.lang.String)[pri:0, instance:com.qa.opencart.tests.AccountsPageTest@1ed4ae0f]" started-at="2026-03-01T10:06:30 CST" name="setup" finished-at="2026-03-01T10:06:34 CST" duration-ms="3989" status="PASS">
          <params>
            <param index="0">
              <value>
                <![CDATA[edge]]>
              </value>
            </param>
          </params>
          <reporter-output>
          </reporter-output>
        </test-method> <!-- setup -->
        <test-method is-config="true" signature="accSetup()[pri:0, instance:com.qa.opencart.tests.AccountsPageTest@1ed4ae0f]" started-at="2026-03-01T10:06:34 CST" name="accSetup" finished-at="2026-03-01T10:06:34 CST" duration-ms="384" status="PASS">
          <reporter-output>
          </reporter-output>
        </test-method> <!-- accSetup -->
        <test-method signature="accPageHeadersCountTest()[pri:0, instance:com.qa.opencart.tests.AccountsPageTest@1ed4ae0f]" started-at="2026-03-01T10:06:34 CST" name="accPageHeadersCountTest" finished-at="2026-03-01T10:06:35 CST" duration-ms="825" status="PASS">
          <reporter-output>
          </reporter-output>
        </test-method> <!-- accPageHeadersCountTest -->
        <test-method signature="accPageHeadersTest()[pri:0, instance:com.qa.opencart.tests.AccountsPageTest@1ed4ae0f]" started-at="2026-03-01T10:06:35 CST" name="accPageHeadersTest" finished-at="2026-03-01T10:06:35 CST" duration-ms="158" status="PASS">
          <reporter-output>
          </reporter-output>
        </test-method> <!-- accPageHeadersTest -->
        <test-method signature="accPageTitleTest()[pri:0, instance:com.qa.opencart.tests.AccountsPageTest@1ed4ae0f]" started-at="2026-03-01T10:06:35 CST" name="accPageTitleTest" finished-at="2026-03-01T10:06:35 CST" duration-ms="22" status="PASS">
          <reporter-output>
          </reporter-output>
        </test-method> <!-- accPageTitleTest -->
        <test-method signature="isLogoutLinkExist()[pri:0, instance:com.qa.opencart.tests.AccountsPageTest@1ed4ae0f]" started-at="2026-03-01T10:06:35 CST" name="isLogoutLinkExist" finished-at="2026-03-01T10:06:35 CST" duration-ms="62" status="PASS">
          <reporter-output>
          </reporter-output>
        </test-method> <!-- isLogoutLinkExist -->
        <test-method signature="searchCountTest(java.lang.String,int)[pri:0, instance:com.qa.opencart.tests.AccountsPageTest@1ed4ae0f]" started-at="2026-03-01T10:06:35 CST" name="searchCountTest" data-provider="getSearchKey" finished-at="2026-03-01T10:06:36 CST" duration-ms="1033" status="PASS">
          <params>
            <param index="0">
              <value>
                <![CDATA[macbook]]>
              </value>
            </param>
            <param index="1">
              <value>
                <![CDATA[3]]>
              </value>
            </param>
          </params>
          <reporter-output>
          </reporter-output>
        </test-method> <!-- searchCountTest -->
        <test-method signature="searchCountTest(java.lang.String,int)[pri:0, instance:com.qa.opencart.tests.AccountsPageTest@1ed4ae0f]" started-at="2026-03-01T10:06:36 CST" name="searchCountTest" data-provider="getSearchKey" finished-at="2026-03-01T10:06:37 CST" duration-ms="874" status="PASS">
          <params>
            <param index="0">
              <value>
                <![CDATA[imac]]>
              </value>
            </param>
            <param index="1">
              <value>
                <![CDATA[1]]>
              </value>
            </param>
          </params>
          <reporter-output>
          </reporter-output>
        </test-method> <!-- searchCountTest -->
        <test-method signature="searchCountTest(java.lang.String,int)[pri:0, instance:com.qa.opencart.tests.AccountsPageTest@1ed4ae0f]" started-at="2026-03-01T10:06:37 CST" name="searchCountTest" data-provider="getSearchKey" finished-at="2026-03-01T10:06:38 CST" duration-ms="927" status="PASS">
          <params>
            <param index="0">
              <value>
                <![CDATA[samsung]]>
              </value>
            </param>
            <param index="1">
              <value>
                <![CDATA[2]]>
              </value>
            </param>
          </params>
          <reporter-output>
          </reporter-output>
        </test-method> <!-- searchCountTest -->
        <test-method signature="searchTest(java.lang.String,java.lang.String)[pri:0, instance:com.qa.opencart.tests.AccountsPageTest@1ed4ae0f]" started-at="2026-03-01T10:06:39 CST" name="searchTest" data-provider="getSearchExcelData" finished-at="2026-03-01T10:06:41 CST" duration-ms="1799" status="PASS">
          <params>
            <param index="0">
              <value>
                <![CDATA[macbook]]>
              </value>
            </param>
            <param index="1">
              <value>
                <![CDATA[MacBook Pro]]>
              </value>
            </param>
          </params>
          <reporter-output>
          </reporter-output>
        </test-method> <!-- searchTest -->
        <test-method signature="searchTest(java.lang.String,java.lang.String)[pri:0, instance:com.qa.opencart.tests.AccountsPageTest@1ed4ae0f]" started-at="2026-03-01T10:06:41 CST" name="searchTest" data-provider="getSearchExcelData" finished-at="2026-03-01T10:06:43 CST" duration-ms="1311" status="PASS">
          <params>
            <param index="0">
              <value>
                <![CDATA[macbook]]>
              </value>
            </param>
            <param index="1">
              <value>
                <![CDATA[MacBook Air]]>
              </value>
            </param>
          </params>
          <reporter-output>
          </reporter-output>
        </test-method> <!-- searchTest -->
        <test-method signature="searchTest(java.lang.String,java.lang.String)[pri:0, instance:com.qa.opencart.tests.AccountsPageTest@1ed4ae0f]" started-at="2026-03-01T10:06:43 CST" name="searchTest" data-provider="getSearchExcelData" finished-at="2026-03-01T10:06:45 CST" duration-ms="1832" status="PASS">
          <params>
            <param index="0">
              <value>
                <![CDATA[imac]]>
              </value>
            </param>
            <param index="1">
              <value>
                <![CDATA[iMac]]>
              </value>
            </param>
          </params>
          <reporter-output>
          </reporter-output>
        </test-method> <!-- searchTest -->
        <test-method signature="searchTest(java.lang.String,java.lang.String)[pri:0, instance:com.qa.opencart.tests.AccountsPageTest@1ed4ae0f]" started-at="2026-03-01T10:06:45 CST" name="searchTest" data-provider="getSearchExcelData" finished-at="2026-03-01T10:06:46 CST" duration-ms="1272" status="PASS">
          <params>
            <param index="0">
              <value>
                <![CDATA[samsung]]>
              </value>
            </param>
            <param index="1">
              <value>
                <![CDATA[Samsung SyncMaster 941BW]]>
              </value>
            </param>
          </params>
          <reporter-output>
          </reporter-output>
        </test-method> <!-- searchTest -->
        <test-method signature="searchTest(java.lang.String,java.lang.String)[pri:0, instance:com.qa.opencart.tests.AccountsPageTest@1ed4ae0f]" started-at="2026-03-01T10:06:46 CST" name="searchTest" data-provider="getSearchExcelData" finished-at="2026-03-01T10:06:47 CST" duration-ms="1388" status="PASS">
          <params>
            <param index="0">
              <value>
                <![CDATA[samsung]]>
              </value>
            </param>
            <param index="1">
              <value>
                <![CDATA[Samsung Galaxy Tab 10.1]]>
              </value>
            </param>
          </params>
          <reporter-output>
          </reporter-output>
        </test-method> <!-- searchTest -->
        <test-method is-config="true" signature="tearDown()[pri:0, instance:com.qa.opencart.tests.AccountsPageTest@1ed4ae0f]" started-at="2026-03-01T10:06:47 CST" name="tearDown" finished-at="2026-03-01T10:06:48 CST" duration-ms="289" status="PASS">
          <reporter-output>
          </reporter-output>
        </test-method> <!-- tearDown -->
      </class> <!-- com.qa.opencart.tests.AccountsPageTest -->
    </test> <!-- Accounts Page Test -->
    <test started-at="2026-03-01T10:06:30 CST" name="ProductInfo Page Test" finished-at="2026-03-01T10:06:50 CST" duration-ms="19799">
      <class name="com.qa.opencart.tests.ProductInfoPageTest">
        <test-method is-config="true" signature="setup(java.lang.String)[pri:0, instance:com.qa.opencart.tests.ProductInfoPageTest@53fe15ff]" started-at="2026-03-01T10:06:30 CST" name="setup" finished-at="2026-03-01T10:06:37 CST" duration-ms="7115" status="PASS">
          <params>
            <param index="0">
              <value>
                <![CDATA[firefox]]>
              </value>
            </param>
          </params>
          <reporter-output>
          </reporter-output>
        </test-method> <!-- setup -->
        <test-method is-config="true" signature="productInfoSetup()[pri:0, instance:com.qa.opencart.tests.ProductInfoPageTest@53fe15ff]" started-at="2026-03-01T10:06:37 CST" name="productInfoSetup" finished-at="2026-03-01T10:06:38 CST" duration-ms="969" status="PASS">
          <reporter-output>
          </reporter-output>
        </test-method> <!-- productInfoSetup -->
        <test-method signature="productHeaderTest()[pri:0, instance:com.qa.opencart.tests.ProductInfoPageTest@53fe15ff]" started-at="2026-03-01T10:06:38 CST" name="productHeaderTest" finished-at="2026-03-01T10:06:40 CST" duration-ms="1916" status="PASS">
          <reporter-output>
          </reporter-output>
        </test-method> <!-- productHeaderTest -->
        <test-method signature="productImagesCountTest(java.lang.String,java.lang.String,int)[pri:0, instance:com.qa.opencart.tests.ProductInfoPageTest@53fe15ff]" started-at="2026-03-01T10:06:40 CST" name="productImagesCountTest" data-provider="getProductImagesCountData" finished-at="2026-03-01T10:06:41 CST" duration-ms="1369" status="PASS">
          <params>
            <param index="0">
              <value>
                <![CDATA[macbook]]>
              </value>
            </param>
            <param index="1">
              <value>
                <![CDATA[MacBook Pro]]>
              </value>
            </param>
            <param index="2">
              <value>
                <![CDATA[4]]>
              </value>
            </param>
          </params>
          <reporter-output>
          </reporter-output>
        </test-method> <!-- productImagesCountTest -->
        <test-method signature="productImagesCountTest(java.lang.String,java.lang.String,int)[pri:0, instance:com.qa.opencart.tests.ProductInfoPageTest@53fe15ff]" started-at="2026-03-01T10:06:41 CST" name="productImagesCountTest" data-provider="getProductImagesCountData" finished-at="2026-03-01T10:06:43 CST" duration-ms="1515" status="PASS">
          <params>
            <param index="0">
              <value>
                <![CDATA[imac]]>
              </value>
            </param>
            <param index="1">
              <value>
                <![CDATA[iMac]]>
              </value>
            </param>
            <param index="2">
              <value>
                <![CDATA[3]]>
              </value>
            </param>
          </params>
          <reporter-output>
          </reporter-output>
        </test-method> <!-- productImagesCountTest -->
        <test-method signature="productImagesCountTest(java.lang.String,java.lang.String,int)[pri:0, instance:com.qa.opencart.tests.ProductInfoPageTest@53fe15ff]" started-at="2026-03-01T10:06:43 CST" name="productImagesCountTest" data-provider="getProductImagesCountData" finished-at="2026-03-01T10:06:45 CST" duration-ms="1541" status="PASS">
          <params>
            <param index="0">
              <value>
                <![CDATA[samsung]]>
              </value>
            </param>
            <param index="1">
              <value>
                <![CDATA[Samsung SyncMaster 941BW]]>
              </value>
            </param>
            <param index="2">
              <value>
                <![CDATA[1]]>
              </value>
            </param>
          </params>
          <reporter-output>
          </reporter-output>
        </test-method> <!-- productImagesCountTest -->
        <test-method signature="productImagesCountTest(java.lang.String,java.lang.String,int)[pri:0, instance:com.qa.opencart.tests.ProductInfoPageTest@53fe15ff]" started-at="2026-03-01T10:06:45 CST" name="productImagesCountTest" data-provider="getProductImagesCountData" finished-at="2026-03-01T10:06:46 CST" duration-ms="1747" status="PASS">
          <params>
            <param index="0">
              <value>
                <![CDATA[samsung]]>
              </value>
            </param>
            <param index="1">
              <value>
                <![CDATA[Samsung Galaxy Tab 10.1]]>
              </value>
            </param>
            <param index="2">
              <value>
                <![CDATA[7]]>
              </value>
            </param>
          </params>
          <reporter-output>
          </reporter-output>
        </test-method> <!-- productImagesCountTest -->
        <test-method signature="productImagesCountTest(java.lang.String,java.lang.String,int)[pri:0, instance:com.qa.opencart.tests.ProductInfoPageTest@53fe15ff]" started-at="2026-03-01T10:06:46 CST" name="productImagesCountTest" data-provider="getProductImagesCountData" finished-at="2026-03-01T10:06:48 CST" duration-ms="1522" status="PASS">
          <params>
            <param index="0">
              <value>
                <![CDATA[canon]]>
              </value>
            </param>
            <param index="1">
              <value>
                <![CDATA[Canon EOS 5D]]>
              </value>
            </param>
            <param index="2">
              <value>
                <![CDATA[3]]>
              </value>
            </param>
          </params>
          <reporter-output>
          </reporter-output>
        </test-method> <!-- productImagesCountTest -->
        <test-method signature="productInfoTest()[pri:0, instance:com.qa.opencart.tests.ProductInfoPageTest@53fe15ff]" started-at="2026-03-01T10:06:48 CST" name="productInfoTest" finished-at="2026-03-01T10:06:49 CST" duration-ms="1017" status="FAIL">
          <exception class="java.lang.NullPointerException">
            <message>
              <![CDATA[Cannot invoke "java.util.Map.put(Object, Object)" because "this.productMap" is null]]>
            </message>
            <full-stacktrace>
              <![CDATA[java.lang.NullPointerException: Cannot invoke "java.util.Map.put(Object, Object)" because "this.productMap" is null
at com.qa.opencart.pages.ProductInfoPage.getProductData(ProductInfoPage.java:67)
at com.qa.opencart.tests.ProductInfoPageTest.productInfoTest(ProductInfoPageTest.java:35)
at java.base/jdk.internal.reflect.NativeMethodAccessorImpl.invoke0(Native Method)
at java.base/jdk.internal.reflect.NativeMethodAccessorImpl.invoke(NativeMethodAccessorImpl.java:77)
at java.base/jdk.internal.reflect.DelegatingMethodAccessorImpl.invoke(DelegatingMethodAccessorImpl.java:43)
at java.base/java.lang.reflect.Method.invoke(Method.java:568)
at org.testng.internal.invokers.MethodInvocationHelper.invokeMethod(MethodInvocationHelper.java:139)
at org.testng.internal.invokers.TestInvoker.invokeMethod(TestInvoker.java:677)
at org.testng.internal.invokers.TestInvoker.invokeTestMethod(TestInvoker.java:221)
at org.testng.internal.invokers.MethodRunner.runInSequence(MethodRunner.java:50)
at org.testng.internal.invokers.TestInvoker$MethodInvocationAgent.invoke(TestInvoker.java:969)
at org.testng.internal.invokers.TestInvoker.invokeTestMethods(TestInvoker.java:194)
at org.testng.internal.invokers.TestMethodWorker.invokeTestMethods(TestMethodWorker.java:148)
at org.testng.internal.invokers.TestMethodWorker.run(TestMethodWorker.java:128)
at java.base/java.util.ArrayList.forEach(ArrayList.java:1511)
at org.testng.TestRunner.privateRun(TestRunner.java:829)
at org.testng.TestRunner.run(TestRunner.java:602)
at org.testng.SuiteRunner.runTest(SuiteRunner.java:437)
at org.testng.SuiteRunner$SuiteWorker.run(SuiteRunner.java:475)
at org.testng.internal.thread.ThreadUtil.lambda$execute$0(ThreadUtil.java:58)
at java.base/java.util.concurrent.FutureTask.run(FutureTask.java:264)
at java.base/java.util.concurrent.ThreadPoolExecutor.runWorker(ThreadPoolExecutor.java:1136)
at java.base/java.util.concurrent.ThreadPoolExecutor$Worker.run(ThreadPoolExecutor.java:635)
at java.base/java.lang.Thread.run(Thread.java:833)
]]>
            </full-stacktrace>
          </exception> <!-- java.lang.NullPointerException -->
          <reporter-output>
          </reporter-output>
        </test-method> <!-- productInfoTest -->
        <test-method is-config="true" signature="tearDown()[pri:0, instance:com.qa.opencart.tests.ProductInfoPageTest@53fe15ff]" started-at="2026-03-01T10:06:49 CST" name="tearDown" finished-at="2026-03-01T10:06:50 CST" duration-ms="712" status="PASS">
          <reporter-output>
          </reporter-output>
        </test-method> <!-- tearDown -->
      </class> <!-- com.qa.opencart.tests.ProductInfoPageTest -->
    </test> <!-- ProductInfo Page Test -->
  </suite> <!-- OpenCart App TestNG Regression Suite -->
</testng-results>
